ArcLayout/demo/build/outputs/logs/manifest-merger-debug-report.txt
-- Merging decision tree log ---
manifest
ADDED from AndroidManifest.xml:2:1
	package
		ADDED from AndroidManifest.xml:4:5
	android:versionName
		INJECTED from AndroidManifest.xml:0:0
		INJECTED from AndroidManifest.xml:0:0
	xmlns:android
		ADDED from AndroidManifest.xml:3:5
	android:versionCode
		INJECTED from AndroidManifest.xml:0:0
		INJECTED from AndroidManifest.xml:0:0
application
ADDED from AndroidManifest.xml:7:3
MERGED from com.android.support:appcompat-v7:22.2.1:22:5
MERGED from com.android.support:support-v4:22.2.1:22:5
	android:label
		ADDED from AndroidManifest.xml:10:7
	android:allowBackup
		ADDED from AndroidManifest.xml:8:7
	android:icon
		ADDED from AndroidManifest.xml:9:7
	android:theme
		ADDED from AndroidManifest.xml:11:7
activity#com.ogaclejapan.arclayout.demo.MainActivity
ADDED from AndroidManifest.xml:14:5
	android:label
		ADDED from AndroidManifest.xml:16:9
	android:name
		ADDED from AndroidManifest.xml:15:9
intent-filter#android.intent.action.MAIN+android.intent.category.LAUNCHER
ADDED from AndroidManifest.xml:18:7
action#android.intent.action.MAIN
ADDED from AndroidManifest.xml:19:9
	android:name
		ADDED from AndroidManifest.xml:19:17
category#android.intent.category.LAUNCHER
ADDED from AndroidManifest.xml:20:9
	android:name
		ADDED from AndroidManifest.xml:20:19
activity#com.ogaclejapan.arclayout.demo.DemoActivity
ADDED from AndroidManifest.xml:24:5
	android:label
		ADDED from AndroidManifest.xml:26:9
	android:name
		ADDED from AndroidManifest.xml:25:9
activity#com.ogaclejapan.arclayout.demo.DemoFreeAngleActivity
ADDED from AndroidManifest.xml:29:5
	android:label
		ADDED from AndroidManifest.xml:31:9
	android:name
		ADDED from AndroidManifest.xml:30:9
activity#com.ogaclejapan.arclayout.demo.DemoLikeTumblrActivity
ADDED from AndroidManifest.xml:34:5
	android:label
		ADDED from AndroidManifest.xml:36:9
	android:name
		ADDED from AndroidManifest.xml:35:9
activity#com.ogaclejapan.arclayout.demo.DemoLikePathActivity
ADDED from AndroidManifest.xml:39:5
	android:label
		ADDED from AndroidManifest.xml:41:9
	android:name
		ADDED from AndroidManifest.xml:40:9
uses-sdk
INJECTED from AndroidManifest.xml:0:0 reason: use-sdk injection requested
MERGED from com.ogaclejapan.arclayout:library:1.1.0:8:5
MERGED from com.android.support:appcompat-v7:22.2.1:20:5
MERGED from com.android.support:support-v4:22.2.1:20:5
	android:targetSdkVersion
		INJECTED from AndroidManifest.xml:0:0
		INJECTED from AndroidManifest.xml:0:0
	android:minSdkVersion
		INJECTED from AndroidManifest.xml:0:0
		INJECTED from AndroidManifest.xml:0:0